E:\c语言\实验数据\C语言圣诞树\C语言圣诞树\Debug\cl.command.1.tlog
E:\c语言\实验数据\C语言圣诞树\C语言圣诞树\Debug\CL.read.1.tlog
E:\c语言\实验数据\C语言圣诞树\C语言圣诞树\Debug\CL.write.1.tlog
E:\C语言\实验数据\C语言圣诞树\C语言圣诞树\DEBUG\C语言圣诞树.EXE.EMBED.MANIFEST
E:\C语言\实验数据\C语言圣诞树\C语言圣诞树\DEBUG\C语言圣诞树.EXE.EMBED.MANIFEST.RES
E:\C语言\实验数据\C语言圣诞树\C语言圣诞树\DEBUG\C语言圣诞树.EXE.INTERMEDIATE.MANIFEST
E:\C语言\实验数据\C语言圣诞树\C语言圣诞树\DEBUG\C语言圣诞树.OBJ
E:\C语言\实验数据\C语言圣诞树\C语言圣诞树\DEBUG\C语言圣诞树.PCH
E:\c语言\实验数据\C语言圣诞树\C语言圣诞树\Debug\C语言圣诞树.write.1.tlog
E:\c语言\实验数据\C语言圣诞树\C语言圣诞树\Debug\C语言圣诞树_manifest.rc
E:\c语言\实验数据\C语言圣诞树\C语言圣诞树\Debug\link.1488.read.1.tlog
E:\c语言\实验数据\C语言圣诞树\C语言圣诞树\Debug\link.1488.write.1.tlog
E:\c语言\实验数据\C语言圣诞树\C语言圣诞树\Debug\link.1488-cvtres.read.1.tlog
E:\c语言\实验数据\C语言圣诞树\C语言圣诞树\Debug\link.1488-cvtres.write.1.tlog
E:\c语言\实验数据\C语言圣诞树\C语言圣诞树\Debug\link.command.1.tlog
E:\c语言\实验数据\C语言圣诞树\C语言圣诞树\Debug\link.read.1.tlog
E:\c语言\实验数据\C语言圣诞树\C语言圣诞树\Debug\link.write.1.tlog
E:\c语言\实验数据\C语言圣诞树\C语言圣诞树\Debug\link-cvtres.read.1.tlog
E:\c语言\实验数据\C语言圣诞树\C语言圣诞树\Debug\link-cvtres.write.1.tlog
E:\c语言\实验数据\C语言圣诞树\C语言圣诞树\Debug\mt.command.1.tlog
E:\c语言\实验数据\C语言圣诞树\C语言圣诞树\Debug\mt.read.1.tlog
E:\c语言\实验数据\C语言圣诞树\C语言圣诞树\Debug\mt.write.1.tlog
E:\c语言\实验数据\C语言圣诞树\C语言圣诞树\Debug\rc.command.1.tlog
E:\c语言\实验数据\C语言圣诞树\C语言圣诞树\Debug\rc.read.1.tlog
E:\c语言\实验数据\C语言圣诞树\C语言圣诞树\Debug\rc.write.1.tlog
E:\C语言\实验数据\C语言圣诞树\C语言圣诞树\DEBUG\STDAFX.OBJ
E:\c语言\实验数据\C语言圣诞树\C语言圣诞树\Debug\vc100.idb
E:\C语言\实验数据\C语言圣诞树\C语言圣诞树\DEBUG\VC100.PDB
E:\C语言\实验数据\C语言圣诞树\DEBUG\C语言圣诞树.EXE
E:\C语言\实验数据\C语言圣诞树\DEBUG\C语言圣诞树.ILK
E:\C语言\实验数据\C语言圣诞树\DEBUG\C语言圣诞树.PDB
