生成启动时间为 2022/1/5 19:35:27。
     1>项目“E:\c语言\gitub代码库\c-language-learning\练习题\练习题\练习题.vcxproj”在节点 2 上(build 个目标)。
     1>InitializeBuildStatus:
         正在创建“Debug\练习题.unsuccessfulbuild”，因为已指定“AlwaysCreate”。
       ClCompile:
         所有输出均为最新。
         D:\Microsoft Visual Studio 2010\VC\bin\CL.exe /c /ZI /nologo /W3 /WX- /Od /Oy- /D WIN32 /D _DEBUG /D _CONSOLE /D _UNICODE /D UNICODE /Gm /EHsc /RTC1 /MDd /GS /fp:precise /Zc:wchar_t /Zc:forScope /Yu"StdAfx.h" /Fp"Debug\练习题.pch" /Fo"Debug\\" /Fd"Debug\vc100.pdb" /Gd /TP /analyze- /errorReport:prompt "练习题.cpp"
         练习题.cpp
     1>e:\c语言\gitub代码库\c-language-learning\练习题\练习题\练习题.cpp(13): warning C4996: 'scanf': This function or variable may be unsafe. Consider using scanf_s instead. To disable deprecation, use _CRT_SECURE_NO_WARNINGS. See online help for details.
                 d:\microsoft visual studio 2010\vc\include\stdio.h(304) : 参见“scanf”的声明
       ManifestResourceCompile:
         所有输出均为最新。
       Link:
         D:\Microsoft Visual Studio 2010\VC\bin\link.exe /ERRORREPORT:PROMPT /OUT:"E:\c语言\gitub代码库\c-language-learning\练习题\Debug\练习题.exe" /INCREMENTAL /NOLOGO kernel32.lib user32.lib gdi32.lib winspool.lib comdlg32.lib advapi32.lib shell32.lib ole32.lib oleaut32.lib uuid.lib odbc32.lib odbccp32.lib /MANIFEST /ManifestFile:"Debug\练习题.exe.intermediate.manifest" /MANIFESTUAC:"level='asInvoker' uiAccess='false'" /DEBUG /PDB:"E:\c语言\gitub代码库\c-language-learning\练习题\Debug\练习题.pdb" /SUBSYSTEM:CONSOLE /TLBID:1 /DYNAMICBASE /NXCOMPAT /IMPLIB:"E:\c语言\gitub代码库\c-language-learning\练习题\Debug\练习题.lib" /MACHINE:X86 "Debug\练习题.exe.embed.manifest.res"
         Debug\stdafx.obj
         "Debug\练习题.obj"
       Manifest:
         C:\Program Files (x86)\Microsoft SDKs\Windows\v7.0A\bin\mt.exe /nologo /verbose /out:"Debug\练习题.exe.embed.manifest" /manifest "Debug\练习题.exe.intermediate.manifest"
         所有输出均为最新。
       LinkEmbedManifest:
         所有输出均为最新。
         练习题.vcxproj -> E:\c语言\gitub代码库\c-language-learning\练习题\Debug\练习题.exe
       FinalizeBuildStatus:
         正在删除文件“Debug\练习题.unsuccessfulbuild”。
         正在对“Debug\练习题.lastbuildstate”执行 Touch 任务。
     1>已完成生成项目“E:\c语言\gitub代码库\c-language-learning\练习题\练习题\练习题.vcxproj”(build 个目标)的操作。

生成成功。

已用时间 00:00:00.47
